Invengo RFID Log
2019-01-22 14:52:15,462 [1] FATAL - Reader1:Connecte failure.A connection attempt failed because the connected party did not properly respond after a period of time, or established connection failed because connected host has failed to respond 192.168.1.230:7086
2019-03-20 15:17:21,264 [1] ERROR - Reader1:建立连接失败。Reader1:端口“COM2”不存在。
2019-04-26 16:10:45,107 [1] ERROR - Reader1:发送数据错误。连到系统上的设备没有发挥作用。

2019-04-26 16:10:45,107 [1] ERROR - Reader1:发送数据错误。对端口的访问被拒绝。
2019-04-26 16:10:45,123 [1] ERROR - Reader1:发送数据错误。对端口的访问被拒绝。
2019-04-26 16:10:45,123 [1] ERROR - Reader1:发送数据错误。对端口的访问被拒绝。
2019-04-26 16:11:24,677 [1] ERROR - Reader1:发送数据错误。对端口的访问被拒绝。
2019-06-10 14:54:34,460 [1] ERROR - Reader1:建立连接失败。Reader1:端口“COM3”不存在。
2019-06-10 14:56:27,861 [1] ERROR - Reader1:建立连接失败。Reader1:端口“COM3”不存在。
2019-06-10 14:58:53,927 [1] ERROR - Reader1:建立连接失败。Reader1:端口“COM3”不存在。
2019-06-10 14:59:08,884 [1] ERROR - Reader1:建立连接失败。Reader1:端口“COM3”不存在。
2019-06-11 09:41:58,851 [1] ERROR - Reader1:建立连接失败。Reader1:端口“COM3”不存在。
2019-06-11 09:42:10,477 [1] ERROR - Reader1:建立连接失败。Reader1:端口“COM3”不存在。
2019-06-11 15:36:30,803 [1] ERROR - Reader1:建立连接失败。Reader1:端口“COM4”不存在。
2019-06-11 16:29:32,128 [7] WARN - Reader1:RS232数据接收错误。Overrun
2019-06-12 09:35:38,852 [7] WARN - Reader1:RS232数据接收错误。Overrun
2019-06-12 10:11:32,519 [1] ERROR - Reader1:建立连接失败。Reader1:端口“COM9”不存在。
2019-06-12 10:37:24,645 [6] WARN - Reader1:RS232数据接收错误。Overrun
2019-06-12 15:47:42,697 [9] WARN - Reader1:RS232数据接收错误。Overrun
2019-06-12 15:55:17,327 [9] WARN - Reader1:RS232数据接收错误。Overrun
2019-06-13 10:59:00,650 [1] ERROR - Reader1:建立连接失败。Reader1:端口“COM9”不存在。
2019-06-13 10:59:29,340 [7] WARN - Reader1:RS232数据接收错误。Overrun
2019-06-13 15:53:19,308 [1] ERROR - Reader1:建立连接失败。Reader1:端口“COM8”不存在。
2019-06-13 15:53:32,399 [1] ERROR - Reader1:建立连接失败。Reader1:端口“COM4”不存在。
2019-06-13 15:58:07,003 [8] WARN - Reader1:RS232数据接收错误。Overrun
2019-06-13 15:58:09,009 [8] WARN - Reader1:RS232数据接收错误。Overrun
2019-06-13 15:58:09,025 [9] WARN - Reader1:RS232数据接收错误。Overrun
2019-06-13 16:11:30,306 [7] WARN - Reader1:RS232数据接收错误。Overrun
2019-06-13 16:11:30,336 [8] WARN - Reader1:RS232数据接收错误。Overrun
2019-06-14 11:11:25,049 [1] ERROR - Reader1:建立连接失败。Reader1:端口“COM9”不存在。
2019-09-11 14:03:59,267 [1] ERROR - Reader1:建立连接失败。Reader1:端口“COM9”不存在。
2019-09-11 14:52:15,506 [6] WARN - Reader1:RS232数据接收错误。Frame
2019-09-11 19:13:45,307 [7] WARN - Reader1:RS232数据接收错误。Overrun
2019-09-11 19:15:26,429 [7] WARN - Reader1:RS232数据接收错误。Overrun
2019-09-11 19:20:46,181 [7] WARN - Reader1:RS232数据接收错误。Overrun
2019-10-12 14:59:38,694 [7] WARN - Reader1:RS232数据接收错误。Overrun
2019-10-12 16:18:13,414 [7] WARN - Reader1:RS232数据接收错误。Overrun
2019-10-12 16:25:37,080 [7] WARN - Reader1:RS232数据接收错误。Overrun
2019-10-13 11:21:57,640 [6] WARN - Reader1:RS232数据接收错误。Overrun
2019-10-13 11:24:33,727 [7] WARN - Reader1:RS232数据接收错误。Overrun
2019-10-13 11:25:34,264 [8] WARN - Reader1:RS232数据接收错误。Overrun
2019-10-13 11:28:27,591 [7] WARN - Reader1:RS232数据接收错误。Overrun
2019-10-13 11:40:17,667 [7] WARN - Reader1:RS232数据接收错误。Overrun
2019-10-13 14:15:28,352 [7] WARN - Reader1:RS232数据接收错误。Overrun
2019-10-13 15:34:19,658 [7] WARN - Reader1:RS232数据接收错误。Overrun
2019-10-13 15:54:24,073 [7] WARN - Reader1:RS232数据接收错误。Overrun
2019-10-13 15:59:33,641 [8] WARN - Reader1:RS232数据接收错误。Overrun
2019-10-13 16:06:44,470 [7] WARN - Reader1:RS232数据接收错误。Overrun
2019-10-13 16:10:14,830 [7] WARN - Reader1:RS232数据接收错误。Overrun
2019-10-13 16:19:32,067 [7] WARN - Reader1:RS232数据接收错误。Overrun
2019-10-13 16:32:47,126 [8] WARN - Reader1:RS232数据接收错误。Overrun
2019-10-13 16:57:34,999 [9] WARN - Reader1:RS232数据接收错误。Overrun
2019-10-13 17:20:35,390 [1] WARN - Reader1:连接已断开。发送信息失败，端口已关闭
2019-10-13 17:40:03,488 [9] WARN - Reader1:RS232数据接收错误。Frame
2019-10-13 17:40:59,817 [9] WARN - Reader1:RS232数据接收错误。Overrun
2019-10-13 17:41:32,570 [9] WARN - Reader1:RS232数据接收错误。Overrun
2019-10-13 17:45:36,205 [9] WARN - Reader1:RS232数据接收错误。Overrun
2019-10-16 11:05:08,638 [9] WARN - Reader1:RS232数据接收错误。Frame
2019-10-16 11:12:43,378 [9] WARN - Reader1:RS232数据接收错误。Overrun
2019-10-16 14:16:52,282 [1] WARN - Reader1:连接已断开。发送信息失败，端口已关闭
2019-10-16 14:28:50,382 [1] WARN - Reader1:连接已断开。发送信息失败，端口已关闭
2019-10-16 14:49:45,576 [9] WARN - Reader1:RS232数据接收错误。Overrun
2019-10-16 15:04:57,646 [1] WARN - Reader1:连接已断开。发送信息失败，端口已关闭
2019-10-16 15:06:52,351 [1] WARN - Reader1:连接已断开。发送信息失败，端口已关闭
2019-10-16 15:34:27,121 [9] WARN - Reader1:RS232数据接收错误。Frame
